# JRE version: OpenJDK Runtime Environment (11.0.12+7) (build 11.0.12+7-b1504.28-7817840)
# Java VM: OpenJDK 64-Bit Server VM (11.0.12+7-b1504.28-7817840, mixed mode, tiered, compressed oops, g1 gc, windows-amd64)
Heap:
 garbage-first heap   total 448512K, used 183883K [0x0000000080000000, 0x0000000100000000)
  region size 1024K, 10 young (10240K), 10 survivors (10240K)
 Metaspace       used 110704K, capacity 113668K, committed 114044K, reserved 1148928K
  class space    used 14335K, capacity 15481K, committed 15616K, reserved 1048576K
GC Heap History (20 events):
Event: 39.431 GC heap after
{Heap after GC invocations=33 (full 0):
 garbage-first heap   total 378880K, used 175221K [0x0000000080000000, 0x0000000100000000)
  region size 1024K, 10 young (10240K), 10 survivors (10240K)
 Metaspace       used 107932K, capacity 110619K, committed 110716K, reserved 1144832K
  class space    used 13981K, capacity 15037K, committed 15104K, reserved 1048576K
}
Event: 40.136 GC heap before
{Heap before GC invocations=33 (full 0):
 garbage-first heap   total 378880K, used 312437K [0x0000000080000000, 0x0000000100000000)
  region size 1024K, 144 young (147456K), 10 survivors (10240K)
 Metaspace       used 107962K, capacity 110620K, committed 110716K, reserved 1144832K
  class space    used 13981K, capacity 15037K, committed 15104K, reserved 1048576K
}
Event: 40.157 GC heap after
{Heap after GC invocations=34 (full 0):
 garbage-first heap   total 378880K, used 176204K [0x0000000080000000, 0x0000000100000000)
  region size 1024K, 11 young (11264K), 11 survivors (11264K)
 Metaspace       used 107962K, capacity 110620K, committed 110716K, reserved 1144832K
  class space    used 13981K, capacity 15037K, committed 15104K, reserved 1048576K
}
Event: 40.909 GC heap before
{Heap before GC invocations=34 (full 0):
 garbage-first heap   total 378880K, used 315468K [0x0000000080000000, 0x0000000100000000)
  region size 1024K, 147 young (150528K), 11 survivors (11264K)
 Metaspace       used 107984K, capacity 110628K, committed 110716K, reserved 1144832K
  class space    used 13983K, capacity 15040K, committed 15104K, reserved 1048576K
}
Event: 40.933 GC heap after
{Heap after GC invocations=35 (full 0):
 garbage-first heap   total 378880K, used 177642K [0x0000000080000000, 0x0000000100000000)
  region size 1024K, 11 young (11264K), 11 survivors (11264K)
 Metaspace       used 107984K, capacity 110628K, committed 110716K, reserved 1144832K
  class space    used 13983K, capacity 15040K, committed 15104K, reserved 1048576K
}
Event: 41.737 GC heap before
{Heap before GC invocations=35 (full 0):
 garbage-first heap   total 378880K, used 317930K [0x0000000080000000, 0x0000000100000000)
  region size 1024K, 148 young (151552K), 11 survivors (11264K)
 Metaspace       used 107986K, capacity 110628K, committed 110716K, reserved 1144832K
  class space    used 13983K, capacity 15040K, committed 15104K, reserved 1048576K
}
Event: 41.757 GC heap after
{Heap after GC invocations=36 (full 0):
 garbage-first heap   total 378880K, used 178108K [0x0000000080000000, 0x0000000100000000)
  region size 1024K, 11 young (11264K), 11 survivors (11264K)
 Metaspace       used 107986K, capacity 110628K, committed 110716K, reserved 1144832K
  class space    used 13983K, capacity 15040K, committed 15104K, reserved 1048576K
}
Event: 42.494 GC heap before
{Heap before GC invocations=36 (full 0):
 garbage-first heap   total 378880K, used 322492K [0x0000000080000000, 0x0000000100000000)
  region size 1024K, 152 young (155648K), 11 survivors (11264K)
 Metaspace       used 107998K, capacity 110695K, committed 110972K, reserved 1144832K
  class space    used 13983K, capacity 15041K, committed 15104K, reserved 1048576K
}
Event: 42.518 GC heap after
{Heap after GC invocations=37 (full 0):
 garbage-first heap   total 378880K, used 179231K [0x0000000080000000, 0x0000000100000000)
  region size 1024K, 11 young (11264K), 11 survivors (11264K)
 Metaspace       used 107998K, capacity 110695K, committed 110972K, reserved 1144832K
  class space    used 13983K, capacity 15041K, committed 15104K, reserved 1048576K
}
Event: 43.402 GC heap before
{Heap before GC invocations=37 (full 0):
 garbage-first heap   total 378880K, used 325663K [0x0000000080000000, 0x0000000100000000)
  region size 1024K, 154 young (157696K), 11 survivors (11264K)
 Metaspace       used 108008K, capacity 110695K, committed 110972K, reserved 1144832K
  class space    used 13983K, capacity 15041K, committed 15104K, reserved 1048576K
}
Event: 43.425 GC heap after
{Heap after GC invocations=38 (full 0):
 garbage-first heap   total 378880K, used 180234K [0x0000000080000000, 0x0000000100000000)
  region size 1024K, 12 young (12288K), 12 survivors (12288K)
 Metaspace       used 108008K, capacity 110695K, committed 110972K, reserved 1144832K
  class space    used 13983K, capacity 15041K, committed 15104K, reserved 1048576K
}
Event: 44.597 GC heap before
{Heap before GC invocations=38 (full 0):
 garbage-first heap   total 378880K, used 327690K [0x0000000080000000, 0x0000000100000000)
  region size 1024K, 156 young (159744K), 12 survivors (12288K)
 Metaspace       used 109297K, capacity 112186K, committed 112252K, reserved 1146880K
  class space    used 14169K, capacity 15299K, committed 15360K, reserved 1048576K
}
Event: 44.624 GC heap after
{Heap after GC invocations=39 (full 0):
 garbage-first heap   total 378880K, used 182258K [0x0000000080000000, 0x0000000100000000)
  region size 1024K, 12 young (12288K), 12 survivors (12288K)
 Metaspace       used 109297K, capacity 112186K, committed 112252K, reserved 1146880K
  class space    used 14169K, capacity 15299K, committed 15360K, reserved 1048576K
}
Event: 45.055 GC heap before
{Heap before GC invocations=39 (full 0):
 garbage-first heap   total 378880K, used 226290K [0x0000000080000000, 0x0000000100000000)
  region size 1024K, 56 young (57344K), 12 survivors (12288K)
 Metaspace       used 109716K, capacity 112598K, committed 112892K, reserved 1146880K
  class space    used 14218K, capacity 15368K, committed 15488K, reserved 1048576K
}
Event: 45.080 GC heap after
{Heap after GC invocations=40 (full 0):
 garbage-first heap   total 378880K, used 183623K [0x0000000080000000, 0x0000000100000000)
  region size 1024K, 12 young (12288K), 12 survivors (12288K)
 Metaspace       used 109716K, capacity 112598K, committed 112892K, reserved 1146880K
  class space    used 14218K, capacity 15368K, committed 15488K, reserved 1048576K
}
Event: 46.991 GC heap before
{Heap before GC invocations=41 (full 0):
 garbage-first heap   total 378880K, used 307527K [0x0000000080000000, 0x0000000100000000)
  region size 1024K, 134 young (137216K), 12 survivors (12288K)
 Metaspace       used 110471K, capacity 113384K, committed 113788K, reserved 1146880K
  class space    used 14300K, capacity 15463K, committed 15616K, reserved 1048576K
}
Event: 47.026 GC heap after
{Heap after GC invocations=42 (full 0):
 garbage-first heap   total 378880K, used 181703K [0x0000000080000000, 0x0000000100000000)
  region size 1024K, 10 young (10240K), 10 survivors (10240K)
 Metaspace       used 110471K, capacity 113384K, committed 113788K, reserved 1146880K
  class space    used 14300K, capacity 15463K, committed 15616K, reserved 1048576K
}
Event: 47.076 GC heap before
{Heap before GC invocations=42 (full 0):
 garbage-first heap   total 378880K, used 188871K [0x0000000080000000, 0x0000000100000000)
  region size 1024K, 18 young (18432K), 10 survivors (10240K)
 Metaspace       used 110487K, capacity 113396K, committed 113788K, reserved 1146880K
  class space    used 14303K, capacity 15465K, committed 15616K, reserved 1048576K
}
Event: 47.105 GC heap after
{Heap after GC invocations=43 (full 0):
 garbage-first heap   total 378880K, used 177046K [0x0000000080000000, 0x0000000100000000)
  region size 1024K, 3 young (3072K), 3 survivors (3072K)
 Metaspace       used 110487K, capacity 113396K, committed 113788K, reserved 1146880K
  class space    used 14303K, capacity 15465K, committed 15616K, reserved 1048576K
}
Event: 47.766 GC heap before
{Heap before GC invocations=43 (full 0):
 garbage-first heap   total 378880K, used 232342K [0x0000000080000000, 0x0000000100000000)
  region size 1024K, 59 young (60416K), 3 survivors (3072K)
 Metaspace       used 110704K, capacity 113668K, committed 114044K, reserved 1148928K
  class space    used 14335K, capacity 15481K, committed 15616K, reserved 1048576K
}

