# JRE version: OpenJDK Runtime Environment (11.0.12+7) (build 11.0.12+7-b1504.28-7817840)
# Java VM: OpenJDK 64-Bit Server VM (11.0.12+7-b1504.28-7817840, mixed mode, tiered, compressed oops, g1 gc, windows-amd64)
Heap:
 garbage-first heap   total 378880K, used 199401K [0x0000000080000000, 0x0000000100000000)
  region size 1024K, 6 young (6144K), 6 survivors (6144K)
 Metaspace       used 118429K, capacity 121229K, committed 121340K, reserved 1155072K
  class space    used 14653K, capacity 15738K, committed 15744K, reserved 1048576K
GC Heap History (20 events):
Event: 67.672 GC heap after
{Heap after GC invocations=43 (full 0):
 garbage-first heap   total 315392K, used 190891K [0x0000000080000000, 0x0000000100000000)
  region size 1024K, 4 young (4096K), 4 survivors (4096K)
 Metaspace       used 118290K, capacity 121085K, committed 121340K, reserved 1155072K
  class space    used 14641K, capacity 15733K, committed 15744K, reserved 1048576K
}
Event: 68.529 GC heap before
{Heap before GC invocations=43 (full 0):
 garbage-first heap   total 315392K, used 269739K [0x0000000080000000, 0x0000000100000000)
  region size 1024K, 81 young (82944K), 4 survivors (4096K)
 Metaspace       used 118325K, capacity 121158K, committed 121340K, reserved 1155072K
  class space    used 14651K, capacity 15736K, committed 15744K, reserved 1048576K
}
Event: 68.538 GC heap after
{Heap after GC invocations=44 (full 0):
 garbage-first heap   total 315392K, used 191634K [0x0000000080000000, 0x0000000100000000)
  region size 1024K, 5 young (5120K), 5 survivors (5120K)
 Metaspace       used 118325K, capacity 121158K, committed 121340K, reserved 1155072K
  class space    used 14651K, capacity 15736K, committed 15744K, reserved 1048576K
}
Event: 69.142 GC heap before
{Heap before GC invocations=44 (full 0):
 garbage-first heap   total 315392K, used 271506K [0x0000000080000000, 0x0000000100000000)
  region size 1024K, 83 young (84992K), 5 survivors (5120K)
 Metaspace       used 118342K, capacity 121161K, committed 121340K, reserved 1155072K
  class space    used 14652K, capacity 15737K, committed 15744K, reserved 1048576K
}
Event: 69.154 GC heap after
{Heap after GC invocations=45 (full 0):
 garbage-first heap   total 315392K, used 192560K [0x0000000080000000, 0x0000000100000000)
  region size 1024K, 6 young (6144K), 6 survivors (6144K)
 Metaspace       used 118342K, capacity 121161K, committed 121340K, reserved 1155072K
  class space    used 14652K, capacity 15737K, committed 15744K, reserved 1048576K
}
Event: 70.012 GC heap before
{Heap before GC invocations=45 (full 0):
 garbage-first heap   total 315392K, used 272432K [0x0000000080000000, 0x0000000100000000)
  region size 1024K, 84 young (86016K), 6 survivors (6144K)
 Metaspace       used 118355K, capacity 121161K, committed 121340K, reserved 1155072K
  class space    used 14652K, capacity 15737K, committed 15744K, reserved 1048576K
}
Event: 70.026 GC heap after
{Heap after GC invocations=46 (full 0):
 garbage-first heap   total 315392K, used 193444K [0x0000000080000000, 0x0000000100000000)
  region size 1024K, 7 young (7168K), 7 survivors (7168K)
 Metaspace       used 118355K, capacity 121161K, committed 121340K, reserved 1155072K
  class space    used 14652K, capacity 15737K, committed 15744K, reserved 1048576K
}
Event: 70.625 GC heap before
{Heap before GC invocations=46 (full 0):
 garbage-first heap   total 315392K, used 273316K [0x0000000080000000, 0x0000000100000000)
  region size 1024K, 85 young (87040K), 7 survivors (7168K)
 Metaspace       used 118378K, capacity 121161K, committed 121340K, reserved 1155072K
  class space    used 14652K, capacity 15737K, committed 15744K, reserved 1048576K
}
Event: 70.639 GC heap after
{Heap after GC invocations=47 (full 0):
 garbage-first heap   total 315392K, used 195046K [0x0000000080000000, 0x0000000100000000)
  region size 1024K, 5 young (5120K), 5 survivors (5120K)
 Metaspace       used 118378K, capacity 121161K, committed 121340K, reserved 1155072K
  class space    used 14652K, capacity 15737K, committed 15744K, reserved 1048576K
}
Event: 71.163 GC heap before
{Heap before GC invocations=47 (full 0):
 garbage-first heap   total 315392K, used 274918K [0x0000000080000000, 0x0000000100000000)
  region size 1024K, 83 young (84992K), 5 survivors (5120K)
 Metaspace       used 118378K, capacity 121161K, committed 121340K, reserved 1155072K
  class space    used 14652K, capacity 15737K, committed 15744K, reserved 1048576K
}
Event: 71.175 GC heap after
{Heap after GC invocations=48 (full 0):
 garbage-first heap   total 315392K, used 195109K [0x0000000080000000, 0x0000000100000000)
  region size 1024K, 5 young (5120K), 5 survivors (5120K)
 Metaspace       used 118378K, capacity 121161K, committed 121340K, reserved 1155072K
  class space    used 14652K, capacity 15737K, committed 15744K, reserved 1048576K
}
Event: 71.632 GC heap before
{Heap before GC invocations=48 (full 0):
 garbage-first heap   total 315392K, used 276005K [0x0000000080000000, 0x0000000100000000)
  region size 1024K, 84 young (86016K), 5 survivors (5120K)
 Metaspace       used 118386K, capacity 121161K, committed 121340K, reserved 1155072K
  class space    used 14652K, capacity 15737K, committed 15744K, reserved 1048576K
}
Event: 71.645 GC heap after
{Heap after GC invocations=49 (full 0):
 garbage-first heap   total 315392K, used 196614K [0x0000000080000000, 0x0000000100000000)
  region size 1024K, 7 young (7168K), 7 survivors (7168K)
 Metaspace       used 118386K, capacity 121161K, committed 121340K, reserved 1155072K
  class space    used 14652K, capacity 15737K, committed 15744K, reserved 1048576K
}
Event: 72.175 GC heap before
{Heap before GC invocations=49 (full 0):
 garbage-first heap   total 315392K, used 275462K [0x0000000080000000, 0x0000000100000000)
  region size 1024K, 84 young (86016K), 7 survivors (7168K)
 Metaspace       used 118406K, capacity 121229K, committed 121340K, reserved 1155072K
  class space    used 14653K, capacity 15738K, committed 15744K, reserved 1048576K
}
Event: 72.189 GC heap after
{Heap after GC invocations=50 (full 0):
 garbage-first heap   total 315392K, used 197176K [0x0000000080000000, 0x0000000100000000)
  region size 1024K, 6 young (6144K), 6 survivors (6144K)
 Metaspace       used 118406K, capacity 121229K, committed 121340K, reserved 1155072K
  class space    used 14653K, capacity 15738K, committed 15744K, reserved 1048576K
}
Event: 72.564 GC heap before
{Heap before GC invocations=50 (full 0):
 garbage-first heap   total 315392K, used 277048K [0x0000000080000000, 0x0000000100000000)
  region size 1024K, 84 young (86016K), 6 survivors (6144K)
 Metaspace       used 118406K, capacity 121229K, committed 121340K, reserved 1155072K
  class space    used 14653K, capacity 15738K, committed 15744K, reserved 1048576K
}
Event: 72.577 GC heap after
{Heap after GC invocations=51 (full 0):
 garbage-first heap   total 315392K, used 198183K [0x0000000080000000, 0x0000000100000000)
  region size 1024K, 7 young (7168K), 7 survivors (7168K)
 Metaspace       used 118406K, capacity 121229K, committed 121340K, reserved 1155072K
  class space    used 14653K, capacity 15738K, committed 15744K, reserved 1048576K
}
Event: 73.028 GC heap before
{Heap before GC invocations=51 (full 0):
 garbage-first heap   total 315392K, used 276007K [0x0000000080000000, 0x0000000100000000)
  region size 1024K, 83 young (84992K), 7 survivors (7168K)
 Metaspace       used 118422K, capacity 121229K, committed 121340K, reserved 1155072K
  class space    used 14653K, capacity 15738K, committed 15744K, reserved 1048576K
}
Event: 73.042 GC heap after
{Heap after GC invocations=52 (full 0):
 garbage-first heap   total 315392K, used 199171K [0x0000000080000000, 0x0000000100000000)
  region size 1024K, 7 young (7168K), 7 survivors (7168K)
 Metaspace       used 118422K, capacity 121229K, committed 121340K, reserved 1155072K
  class space    used 14653K, capacity 15738K, committed 15744K, reserved 1048576K
}
Event: 73.441 GC heap before
{Heap before GC invocations=52 (full 0):
 garbage-first heap   total 315392K, used 275971K [0x0000000080000000, 0x0000000100000000)
  region size 1024K, 82 young (83968K), 7 survivors (7168K)
 Metaspace       used 118429K, capacity 121229K, committed 121340K, reserved 1155072K
  class space    used 14653K, capacity 15738K, committed 15744K, reserved 1048576K
}

