# JRE version: OpenJDK Runtime Environment (11.0.12+7) (build 11.0.12+7-b1504.28-7817840)
# Java VM: OpenJDK 64-Bit Server VM (11.0.12+7-b1504.28-7817840, mixed mode, tiered, compressed oops, g1 gc, windows-amd64)
Heap:
 garbage-first heap   total 262144K, used 121111K [0x0000000080000000, 0x0000000100000000)
  region size 1024K, 86 young (88064K), 16 survivors (16384K)
 Metaspace       used 57984K, capacity 59325K, committed 59392K, reserved 1101824K
  class space    used 7378K, capacity 7890K, committed 7936K, reserved 1048576K
GC Heap History (18 events):
Event: 1.237 GC heap before
{Heap before GC invocations=0 (full 0):
 garbage-first heap   total 262144K, used 19456K [0x0000000080000000, 0x0000000100000000)
  region size 1024K, 14 young (14336K), 0 survivors (0K)
 Metaspace       used 6767K, capacity 7001K, committed 7168K, reserved 1056768K
  class space    used 584K, capacity 650K, committed 768K, reserved 1048576K
}
Event: 1.245 GC heap after
{Heap after GC invocations=1 (full 0):
 garbage-first heap   total 262144K, used 7834K [0x0000000080000000, 0x0000000100000000)
  region size 1024K, 2 young (2048K), 2 survivors (2048K)
 Metaspace       used 6767K, capacity 7001K, committed 7168K, reserved 1056768K
  class space    used 584K, capacity 650K, committed 768K, reserved 1048576K
}
Event: 1.803 GC heap before
{Heap before GC invocations=1 (full 0):
 garbage-first heap   total 262144K, used 19098K [0x0000000080000000, 0x0000000100000000)
  region size 1024K, 13 young (13312K), 2 survivors (2048K)
 Metaspace       used 10263K, capacity 10565K, committed 10624K, reserved 1058816K
  class space    used 1072K, capacity 1139K, committed 1152K, reserved 1048576K
}
Event: 1.806 GC heap after
{Heap after GC invocations=2 (full 0):
 garbage-first heap   total 262144K, used 9955K [0x0000000080000000, 0x0000000100000000)
  region size 1024K, 2 young (2048K), 2 survivors (2048K)
 Metaspace       used 10263K, capacity 10565K, committed 10624K, reserved 1058816K
  class space    used 1072K, capacity 1139K, committed 1152K, reserved 1048576K
}
Event: 3.097 GC heap before
{Heap before GC invocations=2 (full 0):
 garbage-first heap   total 262144K, used 41699K [0x0000000080000000, 0x0000000100000000)
  region size 1024K, 33 young (33792K), 2 survivors (2048K)
 Metaspace       used 11230K, capacity 11520K, committed 11776K, reserved 1060864K
  class space    used 1175K, capacity 1244K, committed 1280K, reserved 1048576K
}
Event: 3.102 GC heap after
{Heap after GC invocations=3 (full 0):
 garbage-first heap   total 262144K, used 11851K [0x0000000080000000, 0x0000000100000000)
  region size 1024K, 4 young (4096K), 4 survivors (4096K)
 Metaspace       used 11230K, capacity 11520K, committed 11776K, reserved 1060864K
  class space    used 1175K, capacity 1244K, committed 1280K, reserved 1048576K
}
Event: 4.713 GC heap before
{Heap before GC invocations=3 (full 0):
 garbage-first heap   total 262144K, used 56907K [0x0000000080000000, 0x0000000100000000)
  region size 1024K, 48 young (49152K), 4 survivors (4096K)
 Metaspace       used 18143K, capacity 18563K, committed 18688K, reserved 1064960K
  class space    used 2163K, capacity 2276K, committed 2304K, reserved 1048576K
}
Event: 4.723 GC heap after
{Heap after GC invocations=4 (full 0):
 garbage-first heap   total 262144K, used 16551K [0x0000000080000000, 0x0000000100000000)
  region size 1024K, 6 young (6144K), 6 survivors (6144K)
 Metaspace       used 18143K, capacity 18563K, committed 18688K, reserved 1064960K
  class space    used 2163K, capacity 2276K, committed 2304K, reserved 1048576K
}
Event: 5.153 GC heap before
{Heap before GC invocations=4 (full 0):
 garbage-first heap   total 262144K, used 40103K [0x0000000080000000, 0x0000000100000000)
  region size 1024K, 30 young (30720K), 6 survivors (6144K)
 Metaspace       used 20628K, capacity 21117K, committed 21296K, reserved 1069056K
  class space    used 2539K, capacity 2680K, committed 2688K, reserved 1048576K
}
Event: 5.164 GC heap after
{Heap after GC invocations=5 (full 0):
 garbage-first heap   total 262144K, used 18112K [0x0000000080000000, 0x0000000100000000)
  region size 1024K, 1 young (1024K), 1 survivors (1024K)
 Metaspace       used 20628K, capacity 21117K, committed 21296K, reserved 1069056K
  class space    used 2539K, capacity 2680K, committed 2688K, reserved 1048576K
}
Event: 6.506 GC heap before
{Heap before GC invocations=6 (full 0):
 garbage-first heap   total 262144K, used 75456K [0x0000000080000000, 0x0000000100000000)
  region size 1024K, 58 young (59392K), 1 survivors (1024K)
 Metaspace       used 26855K, capacity 27506K, committed 27648K, reserved 1073152K
  class space    used 3502K, capacity 3735K, committed 3840K, reserved 1048576K
}
Event: 6.512 GC heap after
{Heap after GC invocations=7 (full 0):
 garbage-first heap   total 262144K, used 20007K [0x0000000080000000, 0x0000000100000000)
  region size 1024K, 3 young (3072K), 3 survivors (3072K)
 Metaspace       used 26855K, capacity 27506K, committed 27648K, reserved 1073152K
  class space    used 3502K, capacity 3735K, committed 3840K, reserved 1048576K
}
Event: 8.431 GC heap before
{Heap before GC invocations=7 (full 0):
 garbage-first heap   total 262144K, used 76327K [0x0000000080000000, 0x0000000100000000)
  region size 1024K, 59 young (60416K), 3 survivors (3072K)
 Metaspace       used 35065K, capacity 35831K, committed 35968K, reserved 1081344K
  class space    used 4551K, capacity 4875K, committed 4992K, reserved 1048576K
}
Event: 8.445 GC heap after
{Heap after GC invocations=8 (full 0):
 garbage-first heap   total 262144K, used 23177K [0x0000000080000000, 0x0000000100000000)
  region size 1024K, 6 young (6144K), 6 survivors (6144K)
 Metaspace       used 35065K, capacity 35831K, committed 35968K, reserved 1081344K
  class space    used 4551K, capacity 4875K, committed 4992K, reserved 1048576K
}
Event: 10.954 GC heap before
{Heap before GC invocations=9 (full 0):
 garbage-first heap   total 262144K, used 114313K [0x0000000080000000, 0x0000000100000000)
  region size 1024K, 93 young (95232K), 6 survivors (6144K)
 Metaspace       used 42578K, capacity 43632K, committed 43776K, reserved 1087488K
  class space    used 5496K, capacity 5863K, committed 5888K, reserved 1048576K
}
Event: 10.975 GC heap after
{Heap after GC invocations=10 (full 0):
 garbage-first heap   total 262144K, used 29325K [0x0000000080000000, 0x0000000100000000)
  region size 1024K, 12 young (12288K), 12 survivors (12288K)
 Metaspace       used 42578K, capacity 43632K, committed 43776K, reserved 1087488K
  class space    used 5496K, capacity 5863K, committed 5888K, reserved 1048576K
}
Event: 14.337 GC heap before
{Heap before GC invocations=10 (full 0):
 garbage-first heap   total 262144K, used 151181K [0x0000000080000000, 0x0000000100000000)
  region size 1024K, 123 young (125952K), 12 survivors (12288K)
 Metaspace       used 48916K, capacity 50087K, committed 50304K, reserved 1093632K
  class space    used 6256K, capacity 6726K, committed 6784K, reserved 1048576K
}
Event: 14.382 GC heap after
{Heap after GC invocations=11 (full 0):
 garbage-first heap   total 262144K, used 50455K [0x0000000080000000, 0x0000000100000000)
  region size 1024K, 16 young (16384K), 16 survivors (16384K)
 Metaspace       used 48916K, capacity 50087K, committed 50304K, reserved 1093632K
  class space    used 6256K, capacity 6726K, committed 6784K, reserved 1048576K
}

